<?xml version="1.0" encoding="UTF-8"?>
<!-- Generated by org.testng.reporters.JUnitReportReporter -->
<testsuite hostname="GGKU4MPC90" name="tests.CurisHealth" tests="3" failures="0" timestamp="25 Apr 2019 09:21:37 GMT" time="87.242" errors="0">
  <testcase name="doctorAppointment" time="17.897" classname="tests.CurisHealth"/>
  <testcase name="patientRegistration" time="17.578" classname="tests.CurisHealth"/>
  <testcase name="billingDeposit" time="51.767" classname="tests.CurisHealth"/>
</testsuite> <!-- tests.CurisHealth -->
