<?xml version="1.0" encoding="UTF-8"?>
<!-- Generated by org.testng.reporters.JUnitReportReporter -->
<testsuite hostname="GGKU4MPC90" name="tests.FirstScenario" tests="3" failures="0" timestamp="24 Apr 2019 13:42:46 GMT" time="48.915" errors="0">
  <testcase name="patientRegistration" time="18.006" classname="tests.FirstScenario"/>
  <testcase name="billingDeposit" time="21.462" classname="tests.FirstScenario"/>
  <testcase name="doctorAppointment" time="9.447" classname="tests.FirstScenario"/>
</testsuite> <!-- tests.FirstScenario -->
