<?xml version="1.0" encoding="UTF-8"?>
<!-- Generated by org.testng.reporters.JUnitReportReporter -->
<testsuite hostname="GGKU4MPC90" name="tests.TableScenario" tests="1" failures="0" timestamp="25 Apr 2019 08:41:01 GMT" time="23.205" errors="0">
  <testcase name="consultantType" time="23.205" classname="tests.TableScenario"/>
</testsuite> <!-- tests.TableScenario -->
