<?xml version="1.0" encoding="UTF-8"?>
<!-- Generated by org.testng.reporters.JUnitReportReporter -->
<testsuite hostname="GGKU4MPC90" name="JavaSelenium.JavaSelenium.NewTest" tests="1" failures="0" timestamp="22 Apr 2019 11:05:31 GMT" time="0.010" errors="0">
  <testcase name="f" time="0.010" classname="JavaSelenium.JavaSelenium.NewTest"/>
</testsuite> <!-- JavaSelenium.JavaSelenium.NewTest -->
