<?xml version="1.0" encoding="UTF-8"?>
<!-- Generated by org.testng.reporters.JUnitReportReporter -->
<testsuite skipped="0" hostname="GGKU4MPC90" name="MyMavenProject.sample.AppTest" tests="1" failures="0" timestamp="2019-03-20T11:38:16 IST" time="0.004" errors="0">
  <testcase name="shouldAnswerWithTrue" time="0.004" classname="MyMavenProject.sample.AppTest"/>
</testsuite> <!-- MyMavenProject.sample.AppTest -->
